0 info it worked if it ends with ok
1 verbose cli [
1 verbose cli   'C:\\Program Files\\nodejs\\node.exe',
1 verbose cli   'C:\\Users\\vika_\\node_modules\\npm\\bin\\npm-cli.js',
1 verbose cli   'run',
1 verbose cli   'build'
1 verbose cli ]
2 info using npm@2.15.12
3 info using node@v24.13.1
4 verbose run-script [ 'prebuild', 'build', 'postbuild' ]
5 info prebuild my-project@0.1.0
6 info build my-project@0.1.0
7 verbose unsafe-perm in lifecycle true
8 info my-project@0.1.0 Failed to exec build script
9 verbose stack Error: my-project@0.1.0 build: `next build`
9 verbose stack Exit status 1
9 verbose stack     at EventEmitter.<anonymous> (C:\Users\vika_\node_modules\npm\lib\utils\lifecycle.js:217:16)
9 verbose stack     at EventEmitter.emit (node:events:508:28)
9 verbose stack     at ChildProcess.<anonymous> (C:\Users\vika_\node_modules\npm\lib\utils\spawn.js:24:14)
9 verbose stack     at ChildProcess.emit (node:events:508:28)
9 verbose stack     at maybeClose (node:internal/child_process:1101:16)
9 verbose stack     at ChildProcess._handle.onexit (node:internal/child_process:305:5)
10 verbose pkgid my-project@0.1.0
11 verbose cwd C:\Users\vika_\OneDrive\Desktop\getex
12 error Windows_NT 10.0.22631
13 error argv "C:\\Program Files\\nodejs\\node.exe" "C:\\Users\\vika_\\node_modules\\npm\\bin\\npm-cli.js" "run" "build"
14 error node v24.13.1
15 error npm  v2.15.12
16 error code ELIFECYCLE
17 error my-project@0.1.0 build: `next build`
17 error Exit status 1
18 error Failed at the my-project@0.1.0 build script 'next build'.
18 error This is most likely a problem with the my-project package,
18 error not with npm itself.
18 error Tell the author that this fails on your system:
18 error     next build
18 error You can get information on how to open an issue for this project with:
18 error     npm bugs my-project
18 error Or if that isn't available, you can get their info via:
18 error
18 error     npm owner ls my-project
18 error There is likely additional logging output above.
19 verbose exit [ 1, true ]
